<?xml version="1.0" encoding="UTF-8"?>
<!-- Generated by org.testng.reporters.JUnitXMLReporter -->
<testsuite ignored="9" hostname="DESKTOP-9LT39FR" failures="0" tests="1" name="Default test" time="14.675" errors="0" timestamp="2025-02-06T21:39:29 IST">
  <testcase classname="testcases.InventoryPageTest" name="verifyInventoryPageDropDownList3Test" time="0.335"/>
  <testcase classname="testcases.InventoryPageTest" name="verifyInventoryPageFacebookLogoTest" time="0.0">
    <ignored/>
  </testcase> <!-- verifyInventoryPageFacebookLogoTest -->
  <testcase classname="testcases.InventoryPageTest" name="verifyInventoryPageDropDownListTest" time="0.0">
    <ignored/>
  </testcase> <!-- verifyInventoryPageDropDownListTest -->
  <testcase classname="testcases.InventoryPageTest" name="VerifyInventoryPageProductTextTest" time="0.0">
    <ignored/>
  </testcase> <!-- VerifyInventoryPageProductTextTest -->
  <testcase classname="testcases.InventoryPageTest" name="verifyInventoryPageTwitterLogoTest" time="0.0">
    <ignored/>
  </testcase> <!-- verifyInventoryPageTwitterLogoTest -->
  <testcase classname="testcases.InventoryPageTest" name="verifyInventoryPageLinkedInLogoTest" time="0.0">
    <ignored/>
  </testcase> <!-- verifyInventoryPageLinkedInLogoTest -->
  <testcase classname="testcases.InventoryPageTest" name="verifyInventoryPageText" time="0.0">
    <ignored/>
  </testcase> <!-- verifyInventoryPageText -->
  <testcase classname="testcases.InventoryPageTest" name="verifyInventoryPageDropDownList1_Test" time="0.0">
    <ignored/>
  </testcase> <!-- verifyInventoryPageDropDownList1_Test -->
  <testcase classname="testcases.InventoryPageTest" name="verityInventoryPageCartLogoTest" time="0.0">
    <ignored/>
  </testcase> <!-- verityInventoryPageCartLogoTest -->
  <testcase classname="testcases.InventoryPageTest" name="verifyInventoryPageDropDownList2_Test" time="0.0">
    <ignored/>
  </testcase> <!-- verifyInventoryPageDropDownList2_Test -->
</testsuite> <!-- Default test -->
