<?xml version="1.0" encoding="UTF-8"?>
<testng-results ignored="13" total="14" passed="1" failed="0" skipped="0">
  <reporter-output>
    <line>
      <![CDATA[Swag Labs]]>
    </line>
  </reporter-output>
  <suite started-at="2025-02-13T23:54:02 IST" name="Default suite" finished-at="2025-02-13T23:54:12 IST" duration-ms="10012">
    <groups>
    </groups>
    <test started-at="2025-02-13T23:54:02 IST" name="Default test" finished-at="2025-02-13T23:54:12 IST" duration-ms="10012">
      <class name="testcases.InventoryPageTest">
        <test-method is-config="true" signature="setUp()[pri:0, instance:testcases.InventoryPageTest@76b1e9b8]" started-at="2025-02-13T23:54:03 IST" name="setUp" finished-at="2025-02-13T23:54:11 IST" duration-ms="8010" status="PASS">
          <reporter-output>
          </reporter-output>
        </test-method> <!-- setUp -->
        <test-method signature="verifyInventoryPageText()[pri:0, instance:testcases.InventoryPageTest@76b1e9b8]" started-at="2025-02-13T23:54:11 IST" name="verifyInventoryPageText" finished-at="2025-02-13T23:54:12 IST" duration-ms="1694" status="PASS">
          <reporter-output>
            <line>
              <![CDATA[Swag Labs]]>
            </line>
          </reporter-output>
        </test-method> <!-- verifyInventoryPageText -->
        <test-method is-config="true" signature="closeBrowser()[pri:0, instance:testcases.InventoryPageTest@76b1e9b8]" started-at="2025-02-13T23:54:12 IST" name="closeBrowser" finished-at="2025-02-13T23:54:12 IST" duration-ms="220" status="PASS">
          <reporter-output>
          </reporter-output>
        </test-method> <!-- closeBrowser -->
      </class> <!-- testcases.InventoryPageTest -->
    </test> <!-- Default test -->
  </suite> <!-- Default suite -->
</testng-results>
