<?xml version="1.0" encoding="UTF-8"?>
<testng-results ignored="9" total="10" passed="1" failed="0" skipped="0">
  <reporter-output>
  </reporter-output>
  <suite started-at="2025-02-06T21:39:14 IST" name="Default suite" finished-at="2025-02-06T21:39:29 IST" duration-ms="14675">
    <groups>
    </groups>
    <test started-at="2025-02-06T21:39:14 IST" name="Default test" finished-at="2025-02-06T21:39:29 IST" duration-ms="14675">
      <class name="testcases.InventoryPageTest">
        <test-method is-config="true" signature="setUp()[pri:0, instance:testcases.InventoryPageTest@8f2ef19]" started-at="2025-02-06T21:39:14 IST" name="setUp" finished-at="2025-02-06T21:39:28 IST" duration-ms="13468" status="PASS">
          <reporter-output>
          </reporter-output>
        </test-method> <!-- setUp -->
        <test-method signature="verifyInventoryPageDropDownList3Test()[pri:0, instance:testcases.InventoryPageTest@8f2ef19]" started-at="2025-02-06T21:39:28 IST" name="verifyInventoryPageDropDownList3Test" finished-at="2025-02-06T21:39:28 IST" duration-ms="335" status="PASS">
          <reporter-output>
          </reporter-output>
        </test-method> <!-- verifyInventoryPageDropDownList3Test -->
        <test-method is-config="true" signature="closeBrowser()[pri:0, instance:testcases.InventoryPageTest@8f2ef19]" started-at="2025-02-06T21:39:28 IST" name="closeBrowser" finished-at="2025-02-06T21:39:29 IST" duration-ms="783" status="PASS">
          <reporter-output>
          </reporter-output>
        </test-method> <!-- closeBrowser -->
      </class> <!-- testcases.InventoryPageTest -->
    </test> <!-- Default test -->
  </suite> <!-- Default suite -->
</testng-results>
